{"time":"2026-06-15T16:56:35.707Z","metric":"auth.login","durationMs":230,"context":{"email":"admin@example.com"}}
{"time":"2026-06-15T16:56:35.708Z","metric":"/api/auth/login","durationMs":232,"context":{"safeEmail":true,"method":"POST"}}
{"time":"2026-06-15T16:58:47.749Z","metric":"auth.login","durationMs":215,"context":{"email":"admin@example.com"}}
{"time":"2026-06-15T16:58:47.750Z","metric":"/api/auth/login","durationMs":217,"context":{"safeEmail":true,"method":"POST"}}
{"time":"2026-06-15T16:58:47.815Z","metric":"/api/facilities","durationMs":2,"context":{}}
{"time":"2026-06-15T16:58:51.165Z","metric":"/api/reservations","durationMs":6,"context":{"method":"GET"}}
{"time":"2026-06-15T16:58:51.875Z","metric":"/api/facilities","durationMs":0,"context":{}}
{"time":"2026-06-15T16:58:55.358Z","metric":"/api/reservations","durationMs":2,"context":{"method":"GET"}}
{"time":"2026-06-15T16:58:56.537Z","metric":"/api/facilities","durationMs":1,"context":{}}
{"time":"2026-06-15T16:58:57.949Z","metric":"/api/facilities/:id","durationMs":1,"context":{"params":{"id":"9"},"method":"GET"}}
{"time":"2026-06-15T16:58:57.959Z","metric":"/api/facilities/:id/availability","durationMs":2,"context":{"params":{"id":"9"},"method":"GET"}}
{"time":"2026-06-15T16:59:13.710Z","metric":"reservations.create","durationMs":6,"context":{"userId":1,"facilityId":9}}
{"time":"2026-06-15T16:59:13.711Z","metric":"/api/reservations","durationMs":8,"context":{"user":true,"method":"POST"}}
{"time":"2026-06-15T16:59:13.716Z","metric":"/api/facilities/:id/availability","durationMs":1,"context":{"params":{"id":"9"},"method":"GET"}}
{"time":"2026-06-15T16:59:15.643Z","metric":"/api/facilities","durationMs":1,"context":{}}
{"time":"2026-06-15T16:59:17.407Z","metric":"/api/reservations","durationMs":1,"context":{"method":"GET"}}
{"time":"2026-06-15T17:00:42.232Z","metric":"/api/facilities","durationMs":17,"context":{}}
{"time":"2026-06-15T17:00:43.359Z","metric":"/api/reservations","durationMs":3,"context":{"method":"GET"}}
{"time":"2026-06-15T17:00:44.522Z","metric":"/api/facilities","durationMs":1,"context":{}}
{"time":"2026-06-15T17:00:45.296Z","metric":"/api/reservations","durationMs":1,"context":{"method":"GET"}}
{"time":"2026-06-15T17:00:47.458Z","metric":"/api/facilities","durationMs":1,"context":{}}
{"time":"2026-06-15T17:00:49.525Z","metric":"/api/facilities/:id","durationMs":1,"context":{"params":{"id":"9"},"method":"GET"}}
{"time":"2026-06-15T17:00:49.533Z","metric":"/api/facilities/:id/availability","durationMs":1,"context":{"params":{"id":"9"},"method":"GET"}}
{"time":"2026-06-15T17:02:22.421Z","metric":"/api/facilities/:id","durationMs":16,"context":{"params":{"id":"9"},"method":"GET"}}
{"time":"2026-06-15T17:02:22.435Z","metric":"/api/facilities/:id/availability","durationMs":6,"context":{"params":{"id":"9"},"method":"GET"}}
{"time":"2026-06-15T17:02:35.996Z","metric":"reservations.create.error","durationMs":2,"context":{"userId":1,"facilityId":9}}
{"time":"2026-06-15T17:06:05.789Z","metric":"/api/facilities/:id","durationMs":17,"context":{"params":{"id":"9"},"method":"GET"}}
{"time":"2026-06-15T17:06:05.802Z","metric":"/api/facilities/:id/availability","durationMs":5,"context":{"params":{"id":"9"},"method":"GET"}}
{"time":"2026-06-15T17:06:10.062Z","metric":"reservations.create","durationMs":4,"context":{"userId":1,"facilityId":9}}
{"time":"2026-06-15T17:06:10.063Z","metric":"/api/reservations","durationMs":7,"context":{"user":true,"method":"POST"}}
{"time":"2026-06-15T17:06:10.069Z","metric":"/api/facilities/:id/availability","durationMs":2,"context":{"params":{"id":"9"},"method":"GET"}}
{"time":"2026-06-15T17:06:11.899Z","metric":"/api/facilities/:id","durationMs":7,"context":{"params":{"id":"9"},"method":"GET"}}
{"time":"2026-06-15T17:06:11.917Z","metric":"/api/facilities/:id/availability","durationMs":3,"context":{"params":{"id":"9"},"method":"GET"}}
{"time":"2026-06-15T17:06:36.295Z","metric":"reservations.create.error","durationMs":2,"context":{"userId":1,"facilityId":9}}
{"time":"2026-06-15T17:06:36.296Z","metric":"/api/reservations.error","durationMs":3,"context":{"user":true,"method":"POST"}}
{"time":"2026-06-15T17:08:56.566Z","metric":"/api/facilities/:id","durationMs":18,"context":{"params":{"id":"9"},"method":"GET"}}
{"time":"2026-06-15T17:08:56.582Z","metric":"/api/facilities/:id/availability","durationMs":8,"context":{"params":{"id":"9"},"method":"GET"}}
{"time":"2026-06-15T17:09:01.273Z","metric":"/api/reservations","durationMs":3,"context":{"method":"GET"}}
{"time":"2026-06-15T17:09:07.715Z","metric":"/api/reservations/:id","durationMs":4,"context":{"params":{"id":"2"},"method":"DELETE"}}
{"time":"2026-06-15T17:09:09.535Z","metric":"/api/facilities","durationMs":1,"context":{}}
{"time":"2026-06-15T17:09:11.686Z","metric":"/api/facilities/:id","durationMs":1,"context":{"params":{"id":"8"},"method":"GET"}}
{"time":"2026-06-15T17:09:11.692Z","metric":"/api/facilities/:id/availability","durationMs":1,"context":{"params":{"id":"8"},"method":"GET"}}
{"time":"2026-06-15T17:09:13.230Z","metric":"/api/facilities","durationMs":1,"context":{}}
{"time":"2026-06-15T17:09:13.927Z","metric":"/api/facilities/:id","durationMs":1,"context":{"params":{"id":"9"},"method":"GET"}}
{"time":"2026-06-15T17:09:13.934Z","metric":"/api/facilities/:id/availability","durationMs":2,"context":{"params":{"id":"9"},"method":"GET"}}
{"time":"2026-06-15T17:09:17.447Z","metric":"/api/reservations","durationMs":1,"context":{"method":"GET"}}
{"time":"2026-06-15T17:09:19.207Z","metric":"/api/facilities","durationMs":1,"context":{}}
{"time":"2026-06-15T17:09:20.170Z","metric":"/api/reservations","durationMs":1,"context":{"method":"GET"}}
{"time":"2026-06-15T17:09:22.001Z","metric":"/api/reservations/:id","durationMs":3,"context":{"params":{"id":"3"},"method":"DELETE"}}
{"time":"2026-06-15T17:09:22.994Z","metric":"/api/facilities","durationMs":0,"context":{}}
{"time":"2026-06-15T17:09:24.023Z","metric":"/api/facilities/:id","durationMs":1,"context":{"params":{"id":"9"},"method":"GET"}}
{"time":"2026-06-15T17:09:24.029Z","metric":"/api/facilities/:id/availability","durationMs":1,"context":{"params":{"id":"9"},"method":"GET"}}
{"time":"2026-06-15T17:09:27.168Z","metric":"reservations.create","durationMs":4,"context":{"userId":1,"facilityId":9}}
{"time":"2026-06-15T17:09:27.168Z","metric":"/api/reservations","durationMs":5,"context":{"user":true,"method":"POST"}}
{"time":"2026-06-15T17:09:27.173Z","metric":"/api/facilities/:id/availability","durationMs":1,"context":{"params":{"id":"9"},"method":"GET"}}
{"time":"2026-06-15T17:09:28.781Z","metric":"/api/facilities","durationMs":0,"context":{}}
{"time":"2026-06-15T17:09:30.596Z","metric":"/api/reservations","durationMs":1,"context":{"method":"GET"}}
{"time":"2026-06-15T17:09:33.274Z","metric":"/api/reservations/:id","durationMs":4,"context":{"params":{"id":"2"},"method":"DELETE"}}
{"time":"2026-06-15T17:09:35.302Z","metric":"/api/reservations/:id","durationMs":4,"context":{"params":{"id":"3"},"method":"DELETE"}}
{"time":"2026-06-15T17:09:37.157Z","metric":"/api/reservations","durationMs":1,"context":{"method":"GET"}}
{"time":"2026-06-15T17:09:37.766Z","metric":"/api/facilities","durationMs":0,"context":{}}
{"time":"2026-06-15T17:09:38.452Z","metric":"/api/facilities","durationMs":1,"context":{}}
{"time":"2026-06-15T17:09:40.841Z","metric":"/api/reservations","durationMs":1,"context":{"method":"GET"}}
{"time":"2026-06-15T17:09:41.220Z","metric":"/api/facilities","durationMs":1,"context":{}}
